<?xml version="1.0" encoding="UTF-8"?>
<!-- Generated by org.testng.reporters.JUnitXMLReporter -->
<testsuite ignored="0" hostname="DESKTOP-OHIVRM9" failures="0" tests="5" name="Default test" time="20.814" errors="0" timestamp="2025-08-21T22:41:56 CST">
  <testcase classname="tests.VenueAdminTest" name="testInvalidTimeRange" time="3.368"/>
  <testcase classname="tests.VenueAdminTest" name="testOpeningAndClosingModal" time="0.457"/>
  <testcase classname="tests.VenueAdminTest" name="testSubmitWithoutDate" time="3.496"/>
  <testcase classname="tests.VenueAdminTest" name="testSubmitWithoutVenue" time="1.485"/>
  <testcase classname="tests.VenueAdminTest" name="testValidReservationSubmission" time="3.22"/>
</testsuite> <!-- Default test -->
