<?xml version="1.0" encoding="UTF-8"?>
<!-- Generated by org.testng.reporters.JUnitXMLReporter -->
<testsuite ignored="0" hostname="DESKTOP-OHIVRM9" failures="0" tests="2" name="Default test" time="5.034" errors="0" timestamp="2025-08-19T18:50:35 CST">
  <testcase classname="tests.Announcement_AdminTest" name="testOpeningAndClosingModal" time="0.471"/>
  <testcase classname="tests.Announcement_AdminTest" name="testValidAnnouncementPostSubmission" time="0.863"/>
</testsuite> <!-- Default test -->
