<?xml version="1.0" encoding="UTF-8"?>
<testng-results ignored="0" total="2" passed="2" failed="0" skipped="0">
  <reporter-output>
  </reporter-output>
  <suite started-at="2025-08-19T18:50:30 CST" name="Default suite" finished-at="2025-08-19T18:50:35 CST" duration-ms="5034">
    <groups>
    </groups>
    <test started-at="2025-08-19T18:50:30 CST" name="Default test" finished-at="2025-08-19T18:50:35 CST" duration-ms="5034">
      <class name="tests.Announcement_AdminTest">
        <test-method is-config="true" signature="setupReport()[pri:0, instance:tests.Announcement_AdminTest@37ceb1df]" started-at="2025-08-19T18:50:30 CST" name="setupReport" finished-at="2025-08-19T18:50:30 CST" duration-ms="157" status="PASS">
          <reporter-output>
          </reporter-output>
        </test-method> <!-- setupReport -->
        <test-method is-config="true" signature="setup()[pri:0, instance:tests.Announcement_AdminTest@37ceb1df]" started-at="2025-08-19T18:50:30 CST" name="setup" finished-at="2025-08-19T18:50:32 CST" duration-ms="2056" status="PASS">
          <reporter-output>
          </reporter-output>
        </test-method> <!-- setup -->
        <test-method signature="testOpeningAndClosingModal()[pri:0, instance:tests.Announcement_AdminTest@37ceb1df]" started-at="2025-08-19T18:50:32 CST" name="testOpeningAndClosingModal" finished-at="2025-08-19T18:50:32 CST" duration-ms="471" status="PASS">
          <reporter-output>
          </reporter-output>
        </test-method> <!-- testOpeningAndClosingModal -->
        <test-method is-config="true" signature="tearDown(org.testng.ITestResult)[pri:0, instance:tests.Announcement_AdminTest@37ceb1df]" started-at="2025-08-19T18:50:32 CST" name="tearDown" finished-at="2025-08-19T18:50:33 CST" duration-ms="130" status="PASS">
          <params>
            <param index="0">
              <value>
                <![CDATA[[TestResult name=testOpeningAndClosingModal status=SUCCESS method=Announcement_AdminTest.testOpeningAndClosingModal()[pri:0, instance:tests.Announcement_AdminTest@37ceb1df] output={null}]]]>
              </value>
            </param>
          </params>
          <reporter-output>
          </reporter-output>
        </test-method> <!-- tearDown -->
        <test-method is-config="true" signature="setup()[pri:0, instance:tests.Announcement_AdminTest@37ceb1df]" started-at="2025-08-19T18:50:33 CST" name="setup" finished-at="2025-08-19T18:50:34 CST" duration-ms="1347" status="PASS">
          <reporter-output>
          </reporter-output>
        </test-method> <!-- setup -->
        <test-method signature="testValidAnnouncementPostSubmission()[pri:0, instance:tests.Announcement_AdminTest@37ceb1df]" started-at="2025-08-19T18:50:34 CST" name="testValidAnnouncementPostSubmission" finished-at="2025-08-19T18:50:35 CST" duration-ms="863" status="PASS">
          <reporter-output>
          </reporter-output>
        </test-method> <!-- testValidAnnouncementPostSubmission -->
        <test-method is-config="true" signature="tearDown(org.testng.ITestResult)[pri:0, instance:tests.Announcement_AdminTest@37ceb1df]" started-at="2025-08-19T18:50:35 CST" name="tearDown" finished-at="2025-08-19T18:50:35 CST" duration-ms="138" status="PASS">
          <params>
            <param index="0">
              <value>
                <![CDATA[[TestResult name=testValidAnnouncementPostSubmission status=SUCCESS method=Announcement_AdminTest.testValidAnnouncementPostSubmission()[pri:0, instance:tests.Announcement_AdminTest@37ceb1df] output={null}]]]>
              </value>
            </param>
          </params>
          <reporter-output>
          </reporter-output>
        </test-method> <!-- tearDown -->
        <test-method is-config="true" signature="tearDownReport()[pri:0, instance:tests.Announcement_AdminTest@37ceb1df]" started-at="2025-08-19T18:50:35 CST" name="tearDownReport" finished-at="2025-08-19T18:50:35 CST" duration-ms="203" status="PASS">
          <reporter-output>
          </reporter-output>
        </test-method> <!-- tearDownReport -->
      </class> <!-- tests.Announcement_AdminTest -->
    </test> <!-- Default test -->
  </suite> <!-- Default suite -->
</testng-results>
